{"numFailedTestSuites":0,"numFailedTests":0,"numPassedTestSuites":1,"numPassedTests":11,"numPendingTestSuites":0,"numPendingTests":0,"numRuntimeErrorTestSuites":0,"numTodoTests":0,"numTotalTestSuites":1,"numTotalTests":11,"openHandles":[],"snapshot":{"added":0,"didUpdate":false,"failure":false,"filesAdded":0,"filesRemoved":0,"filesRemovedList":[],"filesUnmatched":0,"filesUpdated":0,"matched":0,"total":0,"unchecked":0,"uncheckedKeysByFile":[],"unmatched":0,"updated":0},"startTime":1761188695774,"success":true,"testResults":[{"assertionResults":[{"ancestorTitles":["User Authentication and Authorization API","Authentication Actions"],"duration":101,"failing":false,"failureDetails":[],"failureMessages":[],"fullName":"User Authentication and Authorization API Authentication Actions POST /users/register - should register a new user successfully","invocations":1,"location":null,"numPassingAsserts":2,"retryReasons":[],"startAt":1761188698132,"status":"passed","title":"POST /users/register - should register a new user successfully"},{"ancestorTitles":["User Authentication and Authorization API","Authentication Actions"],"duration":41,"failing":false,"failureDetails":[],"failureMessages":[],"fullName":"User Authentication and Authorization API Authentication Actions POST /users/register - should fail to register with an existing email","invocations":1,"location":null,"numPassingAsserts":1,"retryReasons":[],"startAt":1761188698235,"status":"passed","title":"POST /users/register - should fail to register with an existing email"},{"ancestorTitles":["User Authentication and Authorization API","Authentication Actions"],"duration":122,"failing":false,"failureDetails":[],"failureMessages":[],"fullName":"User Authentication and Authorization API Authentication Actions POST /users/logout - should logout successfully","invocations":1,"location":null,"numPassingAsserts":2,"retryReasons":[],"startAt":1761188698277,"status":"passed","title":"POST /users/logout - should logout successfully"},{"ancestorTitles":["User Authentication and Authorization API","Privileges and Permissions"],"duration":25,"failing":false,"failureDetails":[],"failureMessages":[],"fullName":"User Authentication and Authorization API Privileges and Permissions Admin should be able to get all users","invocations":1,"location":null,"numPassingAsserts":2,"retryReasons":[],"startAt":1761188698400,"status":"passed","title":"Admin should be able to get all users"},{"ancestorTitles":["User Authentication and Authorization API","Privileges and Permissions"],"duration":91,"failing":false,"failureDetails":[],"failureMessages":[],"fullName":"User Authentication and Authorization API Privileges and Permissions A normal user should NOT be able to get all users","invocations":1,"location":null,"numPassingAsserts":1,"retryReasons":[],"startAt":1761188698428,"status":"passed","title":"A normal user should NOT be able to get all users"},{"ancestorTitles":["User Authentication and Authorization API","Privileges and Permissions"],"duration":76,"failing":false,"failureDetails":[],"failureMessages":[],"fullName":"User Authentication and Authorization API Privileges and Permissions Admin should be able to change a user's role","invocations":1,"location":null,"numPassingAsserts":1,"retryReasons":[],"startAt":1761188698571,"status":"passed","title":"Admin should be able to change a user's role"},{"ancestorTitles":["User Authentication and Authorization API","Privileges and Permissions"],"duration":104,"failing":false,"failureDetails":[],"failureMessages":[],"fullName":"User Authentication and Authorization API Privileges and Permissions Admin should NOT be able to change their own role","invocations":1,"location":null,"numPassingAsserts":1,"retryReasons":[],"startAt":1761188698675,"status":"passed","title":"Admin should NOT be able to change their own role"},{"ancestorTitles":["User Authentication and Authorization API","Privileges and Permissions"],"duration":41,"failing":false,"failureDetails":[],"failureMessages":[],"fullName":"User Authentication and Authorization API Privileges and Permissions A user should be able to get their own profile","invocations":1,"location":null,"numPassingAsserts":2,"retryReasons":[],"startAt":1761188698792,"status":"passed","title":"A user should be able to get their own profile"},{"ancestorTitles":["User Authentication and Authorization API","Privileges and Permissions"],"duration":53,"failing":false,"failureDetails":[],"failureMessages":[],"fullName":"User Authentication and Authorization API Privileges and Permissions A user should be able to update their own profile","invocations":1,"location":null,"numPassingAsserts":2,"retryReasons":[],"startAt":1761188698848,"status":"passed","title":"A user should be able to update their own profile"},{"ancestorTitles":["User Authentication and Authorization API","Token Refresh Mechanism"],"duration":385,"failing":false,"failureDetails":[],"failureMessages":[],"fullName":"User Authentication and Authorization API Token Refresh Mechanism should refresh access token with a valid refresh token","invocations":1,"location":null,"numPassingAsserts":2,"retryReasons":[],"startAt":1761188698903,"status":"passed","title":"should refresh access token with a valid refresh token"},{"ancestorTitles":["User Authentication and Authorization API","Token Refresh Mechanism"],"duration":247,"failing":false,"failureDetails":[],"failureMessages":[],"fullName":"User Authentication and Authorization API Token Refresh Mechanism should fail to refresh token if it is reused","invocations":1,"location":null,"numPassingAsserts":2,"retryReasons":[],"startAt":1761188699290,"status":"passed","title":"should fail to refresh token if it is reused"}],"endTime":1761188699542,"message":"","name":"C:\\Users\\admin\\Documents\\GitHub\\second_project\\book_market\\tests\\users.test.js","startTime":1761188695973,"status":"passed","summary":""}],"wasInterrupted":false}
